Using pre-set license
Built from '2022.3/release' branch; Version is '2022.3.5f1 (9674261d40ee) revision 9860134'; Using compiler version '192829333'; Build Type 'Release'
OS: 'Windows 10  (10.0.19045) 64bit Professional' Language: 'es' Physical Memory: 6091 MB
BatchMode: 1, IsHumanControllingUs: 0, StartBugReporterOnCrash: 0, Is64bit: 1, IsPro: 1

COMMAND LINE ARGUMENTS:
D:\2022.3.5f1\Editor\Unity.exe
-adb2
-batchMode
-noUpm
-name
AssetImportWorker0
-projectPath
C:/Users/ASUS/Documents/tower_defense/Assets/Juego
-logFile
Logs/AssetImportWorker0.log
-srvPort
50357
Successfully changed project path to: C:/Users/ASUS/Documents/tower_defense/Assets/Juego
C:/Users/ASUS/Documents/tower_defense/Assets/Juego
[UnityMemory] Configuration Parameters - Can be set up in boot.config
    "memorysetup-bucket-allocator-granularity=16"
    "memorysetup-bucket-allocator-bucket-count=8"
    "memorysetup-bucket-allocator-block-size=33554432"
    "memorysetup-bucket-allocator-block-count=8"
    "memorysetup-main-allocator-block-size=16777216"
    "memorysetup-thread-allocator-block-size=16777216"
    "memorysetup-gfx-main-allocator-block-size=16777216"
    "memorysetup-gfx-thread-allocator-block-size=16777216"
    "memorysetup-cache-allocator-block-size=4194304"
    "memorysetup-typetree-allocator-block-size=2097152"
    "memorysetup-profiler-bucket-allocator-granularity=16"
    "memorysetup-profiler-bucket-allocator-bucket-count=8"
    "memorysetup-profiler-bucket-allocator-block-size=33554432"
    "memorysetup-profiler-bucket-allocator-block-count=8"
    "memorysetup-profiler-allocator-block-size=16777216"
    "memorysetup-profiler-editor-allocator-block-size=1048576"
    "memorysetup-temp-allocator-size-main=16777216"
    "memorysetup-job-temp-allocator-block-size=2097152"
    "memorysetup-job-temp-allocator-block-size-background=1048576"
    "memorysetup-job-temp-allocator-reduction-small-platforms=262144"
    "memorysetup-allocator-temp-initial-block-size-main=262144"
    "memorysetup-allocator-temp-initial-block-size-worker=262144"
    "memorysetup-temp-allocator-size-background-worker=32768"
    "memorysetup-temp-allocator-size-job-worker=262144"
    "memorysetup-temp-allocator-size-preload-manager=33554432"
    "memorysetup-temp-allocator-size-nav-mesh-worker=65536"
    "memorysetup-temp-allocator-size-audio-worker=65536"
    "memorysetup-temp-allocator-size-cloud-worker=32768"
    "memorysetup-temp-allocator-size-gi-baking-worker=262144"
    "memorysetup-temp-allocator-size-gfx=262144"
Player connection [12104] Host "[IP] 192.168.80.20 [Port] 0 [Flags] 2 [Guid] 2255368076 [EditorId] 2255368076 [Version] 1048832 [Id] WindowsEditor(7,Luigi) [Debug] 1 [PackageName] WindowsEditor [ProjectName] Editor" joined multi-casting on [225.0.0.222:54997]...

Player connection [12104] Host "[IP] 192.168.80.20 [Port] 0 [Flags] 2 [Guid] 2255368076 [EditorId] 2255368076 [Version] 1048832 [Id] WindowsEditor(7,Luigi) [Debug] 1 [PackageName] WindowsEditor [ProjectName] Editor" joined alternative multi-casting on [225.0.0.222:34997]...

Refreshing native plugins compatible for Editor in 0.00 ms, found 0 plugins.
Preloading 0 native plugins for Editor in 0.00 ms.
Initialize engine version: 2022.3.5f1 (9674261d40ee)
[Subsystems] Discovering subsystems at path D:/2022.3.5f1/Editor/Data/Resources/UnitySubsystems
[Subsystems] Discovering subsystems at path C:/Users/ASUS/Documents/tower_defense/Assets/Juego/Assets
GfxDevice: creating device client; threaded=0; jobified=0
Direct3D:
    Version:  Direct3D 11.0 [level 11.1]
    Renderer: NVIDIA GeForce MX230 (ID=0x1d11)
    Vendor:   NVIDIA
    VRAM:     1984 MB
    Driver:   27.21.14.6259
Initialize mono
Mono path[0] = 'D:/2022.3.5f1/Editor/Data/Managed'
Mono path[1] = 'D:/2022.3.5f1/Editor/Data/MonoBleedingEdge/lib/mono/unityjit-win32'
Mono config path = 'D:/2022.3.5f1/Editor/Data/MonoBleedingEdge/etc'
Using monoOptions --debugger-agent=transport=dt_socket,embedding=1,server=y,suspend=n,address=127.0.0.1:56532
Begin MonoManager ReloadAssembly
Registering precompiled unity dll's ...
Register platform support module: D:/2022.3.5f1/Editor/Data/PlaybackEngines/WebGLSupport/UnityEditor.WebGL.Extensions.dll
Register platform support module: D:/2022.3.5f1/Editor/Data/PlaybackEngines/WindowsStandaloneSupport/UnityEditor.WindowsStandalone.Extensions.dll
Registered in 0.161801 seconds.
- Loaded All Assemblies, in  1.484 seconds
Native extension for WindowsStandalone target not found
Native extension for WebGL target not found
Mono: successfully reloaded assembly
- Finished resetting the current domain, in  0.542 seconds
Domain Reload Profiling: 2017ms
	BeginReloadAssembly (732ms)
		ExecutionOrderSort (0ms)
		DisableScriptedObjects (0ms)
		BackupInstance (0ms)
		ReleaseScriptingObjects (0ms)
		CreateAndSetChildDomain (1ms)
	RebuildCommonClasses (69ms)
	RebuildNativeTypeToScriptingClass (15ms)
	initialDomainReloadingComplete (374ms)
	LoadAllAssembliesAndSetupDomain (285ms)
		LoadAssemblies (719ms)
		RebuildTransferFunctionScriptingTraits (0ms)
		AnalyzeDomain (263ms)
			TypeCache.Refresh (261ms)
				TypeCache.ScanAssembly (239ms)
			ScanForSourceGeneratedMonoScriptInfo (1ms)
			ResolveRequiredComponents (1ms)
	FinalizeReload (542ms)
		ReleaseScriptCaches (0ms)
		RebuildScriptCaches (0ms)
		SetupLoadedEditorAssemblies (428ms)
			LogAssemblyErrors (0ms)
			InitializePlatformSupportModulesInManaged (24ms)
			SetLoadedEditorAssemblies (11ms)
			RefreshPlugins (0ms)
			BeforeProcessingInitializeOnLoad (5ms)
			ProcessInitializeOnLoadAttributes (284ms)
			ProcessInitializeOnLoadMethodAttributes (104ms)
			AfterProcessingInitializeOnLoad (0ms)
			EditorAssembliesLoaded (0ms)
		ExecutionOrderSort2 (0ms)
		AwakeInstancesAfterBackupRestoration (0ms)
========================================================================
Worker process is ready to serve import requests
Begin MonoManager ReloadAssembly
- Loaded All Assemblies, in  0.800 seconds
Refreshing native plugins compatible for Editor in 0.00 ms, found 0 plugins.
Native extension for WindowsStandalone target not found
Native extension for WebGL target not found
Mono: successfully reloaded assembly
- Finished resetting the current domain, in  0.653 seconds
Domain Reload Profiling: 1443ms
	BeginReloadAssembly (310ms)
		ExecutionOrderSort (0ms)
		DisableScriptedObjects (10ms)
		BackupInstance (0ms)
		ReleaseScriptingObjects (0ms)
		CreateAndSetChildDomain (39ms)
	RebuildCommonClasses (75ms)
	RebuildNativeTypeToScriptingClass (21ms)
	initialDomainReloadingComplete (69ms)
	LoadAllAssembliesAndSetupDomain (314ms)
		LoadAssemblies (185ms)
		RebuildTransferFunctionScriptingTraits (0ms)
		AnalyzeDomain (269ms)
			TypeCache.Refresh (269ms)
				TypeCache.ScanAssembly (249ms)
			ScanForSourceGeneratedMonoScriptInfo (0ms)
			ResolveRequiredComponents (1ms)
	FinalizeReload (654ms)
		ReleaseScriptCaches (0ms)
		RebuildScriptCaches (0ms)
		SetupLoadedEditorAssemblies (398ms)
			LogAssemblyErrors (0ms)
			InitializePlatformSupportModulesInManaged (14ms)
			SetLoadedEditorAssemblies (8ms)
			RefreshPlugins (0ms)
			BeforeProcessingInitializeOnLoad (63ms)
			ProcessInitializeOnLoadAttributes (248ms)
			ProcessInitializeOnLoadMethodAttributes (37ms)
			AfterProcessingInitializeOnLoad (28ms)
			EditorAssembliesLoaded (0ms)
		ExecutionOrderSort2 (0ms)
		AwakeInstancesAfterBackupRestoration (13ms)
Launched and connected shader compiler UnityShaderCompiler.exe after 0.20 seconds
Refreshing native plugins compatible for Editor in 0.00 ms, found 0 plugins.
Preloading 0 native plugins for Editor in 0.00 ms.
Unloading 6 Unused Serialized files (Serialized files now loaded: 0)
Unloading 3 unused Assets / (39.8 KB). Loaded Objects now: 479.
Memory consumption went from 46.2 MB to 46.1 MB.
Total: 87.908500 ms (FindLiveObjects: 0.390800 ms CreateObjectMapping: 0.006100 ms MarkObjects: 87.143400 ms  DeleteObjects: 0.366500 ms)

AssetImportParameters requested are different than current active one (requested -> active):
  custom:video-decoder-ogg-theora: a1e56fd34408186e4bbccfd4996cb3dc -> 
  custom:container-muxer-webm: aa71ff27fc2769a1b78a27578f13a17b -> 
  custom:container-demuxer-webm: 4f35f7cbe854078d1ac9338744f61a02 -> 
  custom:video-encoder-webm-vp8: eb34c28f22e8b96e1ab97ce403110664 -> 
  custom:audio-encoder-webm-vorbis: bf7c407c2cedff20999df2af8eb42d56 -> 
  custom:framework-win-MediaFoundation: 216162199b28c13a410421893ffa2e32 -> 
  custom:container-demuxer-ogg: 62fdf1f143b41e24485cea50d1cbac27 -> 
  custom:video-decoder-webm-vp8: 9c59270c3fd7afecdb556c50c9e8de78 -> 
  custom:audio-decoder-ogg-vorbis: bf7c407c2cedff20999df2af8eb42d56 -> 
  custom:AudioImporter_EditorPlatform: d09bf68614088b80899f8185d706f6e7 -> 
========================================================================
Received Import Request.
  Time since last request: 790.225929 seconds.
  path: Assets/Botones/MicrosoftTeams-image (6).png
  artifactKey: Guid(9400e7b35f3058946aa7534939af08db) Importer(815301076,1909f56bfc062723c751e8b465ee728b)
Start importing Assets/Botones/MicrosoftTeams-image (6).png using Guid(9400e7b35f3058946aa7534939af08db) Importer(815301076,1909f56bfc062723c751e8b465ee728b)  -> (artifact id: 'ce837accf15d7c1aaf13b643000989ca') in 0.382484 seconds
Number of updated asset objects reloaded before import = 0
Number of asset objects unloaded after import = 3
========================================================================
Received Import Request.
  Time since last request: 0.000050 seconds.
  path: Assets/Botones/MicrosoftTeams-image (2).png
  artifactKey: Guid(ed6b915b5043cda44a07ee10391d4ef9) Importer(815301076,1909f56bfc062723c751e8b465ee728b)
Start importing Assets/Botones/MicrosoftTeams-image (2).png using Guid(ed6b915b5043cda44a07ee10391d4ef9) Importer(815301076,1909f56bfc062723c751e8b465ee728b)  -> (artifact id: 'e21a3b2eae6d3084fa5dc10cf4cf6eb4') in 0.025535 seconds
Number of updated asset objects reloaded before import = 0
Number of asset objects unloaded after import = 3
========================================================================
Received Import Request.
  Time since last request: 0.000056 seconds.
  path: Assets/Botones/WhatsApp Image 2024-03-11 at 6.59.44 AM.jpeg
  artifactKey: Guid(40f6fc93d7e280a4b81bcdf630e46681) Importer(815301076,1909f56bfc062723c751e8b465ee728b)
Start importing Assets/Botones/WhatsApp Image 2024-03-11 at 6.59.44 AM.jpeg using Guid(40f6fc93d7e280a4b81bcdf630e46681) Importer(815301076,1909f56bfc062723c751e8b465ee728b)  -> (artifact id: '763311f46d67765f640fc72a27196b11') in 0.053885 seconds
Number of updated asset objects reloaded before import = 0
Number of asset objects unloaded after import = 3
========================================================================
Received Import Request.
  Time since last request: 0.000024 seconds.
  path: Assets/Fondo.jpg
  artifactKey: Guid(7c0c70468081f2945ac63973b29aa1f7) Importer(815301076,1909f56bfc062723c751e8b465ee728b)
Start importing Assets/Fondo.jpg using Guid(7c0c70468081f2945ac63973b29aa1f7) Importer(815301076,1909f56bfc062723c751e8b465ee728b)  -> (artifact id: 'c2096e6e79ff937a27bec6646178f201') in 0.051685 seconds
Number of updated asset objects reloaded before import = 0
Number of asset objects unloaded after import = 3
========================================================================
Received Import Request.
  Time since last request: 0.000024 seconds.
  path: Assets/Botones/MicrosoftTeams-image (5).png
  artifactKey: Guid(f1bd7eef0f26af24baeccdd0fc5af800) Importer(815301076,1909f56bfc062723c751e8b465ee728b)
Start importing Assets/Botones/MicrosoftTeams-image (5).png using Guid(f1bd7eef0f26af24baeccdd0fc5af800) Importer(815301076,1909f56bfc062723c751e8b465ee728b)  -> (artifact id: '292d745bf639cbf6faa979caf250718d') in 0.025155 seconds
Number of updated asset objects reloaded before import = 0
Number of asset objects unloaded after import = 3
========================================================================
Received Import Request.
  Time since last request: 0.000025 seconds.
  path: Assets/Botones
  artifactKey: Guid(210b8290becbfac4992b0d8cca28397d) Importer(815301076,1909f56bfc062723c751e8b465ee728b)
Start importing Assets/Botones using Guid(210b8290becbfac4992b0d8cca28397d) Importer(815301076,1909f56bfc062723c751e8b465ee728b)  -> (artifact id: '3294b8ddb734e9e5e7a54a0aa84d8b28') in 0.000845 seconds
Number of updated asset objects reloaded before import = 0
Number of asset objects unloaded after import = 0
========================================================================
Received Import Request.
  Time since last request: 0.000079 seconds.
  path: Assets/Botones/MicrosoftTeams-image (3).png
  artifactKey: Guid(527d2f5c44175b1489b47d2d5f796391) Importer(815301076,1909f56bfc062723c751e8b465ee728b)
Start importing Assets/Botones/MicrosoftTeams-image (3).png using Guid(527d2f5c44175b1489b47d2d5f796391) Importer(815301076,1909f56bfc062723c751e8b465ee728b)  -> (artifact id: 'cca20ff4734db38e7dc8ad2651585e88') in 0.027921 seconds
Number of updated asset objects reloaded before import = 0
Number of asset objects unloaded after import = 3
========================================================================
Received Import Request.
  Time since last request: 0.000026 seconds.
  path: Assets/Botones/MicrosoftTeams-image (4).png
  artifactKey: Guid(f9baee18f85e5f041b137466ef5e9ea0) Importer(815301076,1909f56bfc062723c751e8b465ee728b)
Start importing Assets/Botones/MicrosoftTeams-image (4).png using Guid(f9baee18f85e5f041b137466ef5e9ea0) Importer(815301076,1909f56bfc062723c751e8b465ee728b)  -> (artifact id: '9b6883403f9c68296c351ae3b37dd798') in 0.028011 seconds
Number of updated asset objects reloaded before import = 0
Number of asset objects unloaded after import = 3
========================================================================
Received Import Request.
  Time since last request: 0.000029 seconds.
  path: Assets/Ninja.prefab
  artifactKey: Guid(2a2a535b3c27a86439a7f760532fad45) Importer(815301076,1909f56bfc062723c751e8b465ee728b)
Start importing Assets/Ninja.prefab using Guid(2a2a535b3c27a86439a7f760532fad45) Importer(815301076,1909f56bfc062723c751e8b465ee728b)  -> (artifact id: 'be7966baa5952995be3c1e3cbf0a8596') in 0.104011 seconds
Number of updated asset objects reloaded before import = 0
Number of asset objects unloaded after import = 44
========================================================================
Received Import Request.
  Time since last request: 0.000042 seconds.
  path: Assets/Botones/Volver a Intentar.png
  artifactKey: Guid(50e31e93c9c39b441befb2101007d436) Importer(815301076,1909f56bfc062723c751e8b465ee728b)
Start importing Assets/Botones/Volver a Intentar.png using Guid(50e31e93c9c39b441befb2101007d436) Importer(815301076,1909f56bfc062723c751e8b465ee728b)  -> (artifact id: 'ece68b4821bdddfbe358ec18d2600200') in 0.026500 seconds
Number of updated asset objects reloaded before import = 0
Number of asset objects unloaded after import = 3
========================================================================
Received Import Request.
  Time since last request: 0.000039 seconds.
  path: Assets/GrasslandsHornsBlue.prefab
  artifactKey: Guid(ec4bf1d61dc1a2246bf027cb9fb8c481) Importer(815301076,1909f56bfc062723c751e8b465ee728b)
Start importing Assets/GrasslandsHornsBlue.prefab using Guid(ec4bf1d61dc1a2246bf027cb9fb8c481) Importer(815301076,1909f56bfc062723c751e8b465ee728b)  -> (artifact id: '918bea467056243e8f2b6b48c9ab3d44') in 0.026052 seconds
Number of updated asset objects reloaded before import = 0
Number of asset objects unloaded after import = 61
========================================================================
Received Import Request.
  Time since last request: 6.438666 seconds.
  path: Assets/Sprites
  artifactKey: Guid(b1a23fab8131ce94f95e5591473cfc12) Importer(815301076,1909f56bfc062723c751e8b465ee728b)
Start importing Assets/Sprites using Guid(b1a23fab8131ce94f95e5591473cfc12) Importer(815301076,1909f56bfc062723c751e8b465ee728b)  -> (artifact id: 'db672f0c7564dc325a00dd126e8fcb09') in 0.000927 seconds
Number of updated asset objects reloaded before import = 0
Number of asset objects unloaded after import = 0
========================================================================
Received Import Request.
  Time since last request: 0.073494 seconds.
  path: Assets/Sprites/Honey.png
  artifactKey: Guid(7018b56e0fb57e2448fbd1089c359ade) Importer(815301076,1909f56bfc062723c751e8b465ee728b)
Start importing Assets/Sprites/Honey.png using Guid(7018b56e0fb57e2448fbd1089c359ade) Importer(815301076,1909f56bfc062723c751e8b465ee728b)  -> (artifact id: '9498e29dec3c8858324581807b49089f') in 0.038107 seconds
Number of updated asset objects reloaded before import = 0
Number of asset objects unloaded after import = 3
